0 info it worked if it ends with ok
1 verbose cli [ '/usr/bin/nodejs', '/usr/bin/npm', 'publish' ]
2 info using npm@2.14.12
3 info using node@v4.2.6
4 verbose publish [ '.' ]
5 silly cache add args [ '.', null ]
6 verbose cache add spec .
7 silly cache add parsed spec Result {
7 silly cache add   raw: '.',
7 silly cache add   scope: null,
7 silly cache add   name: null,
7 silly cache add   rawSpec: '.',
7 silly cache add   spec: '/home/edwin/Documentos/test11',
7 silly cache add   type: 'directory' }
8 verbose addLocalDirectory /home/edwin/.npm/Mayra/0.0.0/package.tgz not in flight; packing
9 verbose tar pack [ '/home/edwin/.npm/Mayra/0.0.0/package.tgz',
9 verbose tar pack   '/home/edwin/Documentos/test11' ]
10 verbose tarball /home/edwin/.npm/Mayra/0.0.0/package.tgz
11 verbose folder /home/edwin/Documentos/test11
12 info prepublish Mayra@0.0.0
13 verbose addLocalTarball adding from inside cache /home/edwin/.npm/Mayra/0.0.0/package.tgz
14 silly cache afterAdd Mayra@0.0.0
15 verbose afterAdd /home/edwin/.npm/Mayra/0.0.0/package/package.json not in flight; writing
16 verbose afterAdd /home/edwin/.npm/Mayra/0.0.0/package/package.json written
17 silly publish { name: 'Mayra',
17 silly publish   version: '0.0.0',
17 silly publish   private: false,
17 silly publish   scripts: { start: 'node ./bin/www' },
17 silly publish   dependencies:
17 silly publish    { 'body-parser': '~1.13.2',
17 silly publish      'cookie-parser': '~1.3.5',
17 silly publish      debug: '~2.2.0',
17 silly publish      express: '~4.13.1',
17 silly publish      jade: '~1.11.0',
17 silly publish      morgan: '~1.6.1',
17 silly publish      'serve-favicon': '~2.3.0' },
17 silly publish   gitHead: 'c61e90735589f843793f77070116a487de213278',
17 silly publish   readme: 'ERROR: No README data found!',
17 silly publish   _id: 'Mayra@0.0.0',
17 silly publish   _shasum: '61f097d8dce51efafcc6ff054180973c9160d424',
17 silly publish   _from: '.' }
18 verbose getPublishConfig undefined
19 silly mapToRegistry name Mayra
20 silly mapToRegistry using default registry
21 silly mapToRegistry registry https://registry.npmjs.org/
22 silly mapToRegistry uri https://registry.npmjs.org/Mayra
23 verbose publish registryBase https://registry.npmjs.org/
24 silly publish uploading /home/edwin/.npm/Mayra/0.0.0/package.tgz
25 verbose stack Error: auth required for publishing
25 verbose stack     at CachingRegistryClient.publish (/usr/lib/node_modules/npm/node_modules/npm-registry-client/lib/publish.js:30:14)
25 verbose stack     at /usr/lib/node_modules/npm/lib/publish.js:134:14
25 verbose stack     at mapToRegistry (/usr/lib/node_modules/npm/lib/utils/map-to-registry.js:55:3)
25 verbose stack     at publish_ (/usr/lib/node_modules/npm/lib/publish.js:104:3)
25 verbose stack     at Array.<anonymous> (/usr/lib/node_modules/npm/node_modules/slide/lib/bind-actor.js:15:8)
25 verbose stack     at LOOP (/usr/lib/node_modules/npm/node_modules/slide/lib/chain.js:15:14)
25 verbose stack     at LOOP (/usr/lib/node_modules/npm/node_modules/slide/lib/chain.js:14:28)
25 verbose stack     at chain (/usr/lib/node_modules/npm/node_modules/slide/lib/chain.js:20:5)
25 verbose stack     at /usr/lib/node_modules/npm/lib/publish.js:73:5
25 verbose stack     at RES (/usr/lib/node_modules/npm/node_modules/inflight/inflight.js:23:14)
26 verbose cwd /home/edwin/Documentos/test11
27 error Linux 3.19.0-49-generic
28 error argv "/usr/bin/nodejs" "/usr/bin/npm" "publish"
29 error node v4.2.6
30 error npm  v2.14.12
31 error code ENEEDAUTH
32 error need auth auth required for publishing
32 error need auth You need to authorize this machine using `npm adduser`
33 verbose exit [ 1, true ]
